<?xml version="1.0" encoding="UTF-8"?>
<!-- Generated by org.testng.reporters.JUnitReportReporter -->
<testsuite hostname="DESKTOP-QF19NQS" failures="0" tests="2" name="test.FirstTest" time="3.647" errors="0" timestamp="25 ago 2019 17:28:07 GMT" skipped="1">
  <testcase classname="test.FirstTest" name="firstTest" time="3.647"/>
  <testcase classname="test.FirstTest" name="configTest">
    <skipped/>
  </testcase> <!-- configTest -->
</testsuite> <!-- test.FirstTest -->
