<?xml version="1.0" encoding="UTF-8"?>
<!-- Generated by org.testng.reporters.JUnitReportReporter -->
<testsuite hostname="DESKTOP-QF19NQS" failures="0" tests="1" name="test.TovachevTest" time="3.793" errors="0" timestamp="14 jun 2019 19:36:02 GMT" skipped="0">
  <testcase classname="test.TovachevTest" name="SelectMercedesTest" time="3.793"/>
</testsuite> <!-- test.TovachevTest -->
