<?xml version="1.0" encoding="UTF-8"?>
<!-- Generated by org.testng.reporters.JUnitReportReporter -->
<testsuite hostname="DESKTOP-QF19NQS" failures="0" tests="2" name="com.test.FirstTest" time="0.014" errors="0" timestamp="06 jun 2019 21:38:12 GMT" skipped="0">
  <testcase classname="com.test.FirstTest" name="testTwo" time="0.010"/>
  <testcase classname="com.test.FirstTest" name="executeTest" time="0.004"/>
</testsuite> <!-- com.test.FirstTest -->
