<?xml version="1.0" encoding="UTF-8"?>
<!-- Generated by org.testng.reporters.JUnitReportReporter -->
<testsuite hostname="DESKTOP-QF19NQS" failures="0" tests="1" name="test.FirstTest" time="1.176" errors="0" timestamp="03 ago 2019 16:09:34 GMT" skipped="0">
  <testcase classname="test.FirstTest" name="configTest" time="1.176"/>
</testsuite> <!-- test.FirstTest -->
